<?xml version="1.0" encoding="UTF-8"?>
<!-- Generated by org.testng.reporters.JUnitReportReporter -->
<testsuite hostname="Admin-PC" name="Oranj.Test01" tests="1" failures="0" timestamp="19 Aug 2015 14:06:42 GMT" time="41.183" errors="0">
  <testcase name="testEasy" time="41.183" classname="Oranj.Test01"/>
</testsuite> <!-- Oranj.Test01 -->
